<?xml version="1.0" encoding="UTF-8"?>
<!-- Generated by org.testng.reporters.JUnitReportReporter -->
<testsuite hostname="manjunaths" name="test.Gittest" tests="1" failures="0" timestamp="4 Sep 2015 10:46:32 GMT" time="135.387" errors="0">
  <testcase name="verifySeleniumBlog" time="135.387" classname="test.Gittest"/>
</testsuite> <!-- test.Gittest -->
